<?xml version="1.0" encoding="UTF-8"?>
<testsuite xmlns:xsi="http://www.w3.org/2001/XMLSchema-instance" xsi:noNamespaceSchemaLocation="https://maven.apache.org/surefire/maven-surefire-plugin/xsd/surefire-test-report-3.0.xsd" version="3.0" name="tests.AttorneyFormTests" time="0.042" tests="8" errors="0" skipped="0" failures="0">
  <properties>
[...]
</properties>
  <testcase name="testNullSendToWf" classname="tests.AttorneyFormTests" time="0.0"/>
  <testcase name="testPurgeDb" classname="tests.AttorneyFormTests" time="0.025"/>
  <testcase name="testGetters" classname="tests.AttorneyFormTests" time="0.0"/>
  <testcase name="getDb" classname="tests.AttorneyFormTests" time="0.002"/>
  <testcase name="testSetters" classname="tests.AttorneyFormTests" time="0.001"/>
  <testcase name="testSendToDb" classname="tests.AttorneyFormTests" time="0.003"/>
  <testcase name="testSendToWf" classname="tests.AttorneyFormTests" time="0.007"/>
  <testcase name="testUpdateDb" classname="tests.AttorneyFormTests" time="0.003"/>
</testsuite>